15:19:00 **** Build of configuration Release for project Zadatak1 ****
make all 
Building file: ../main.c
Invoking: AVR Compiler
avr-gcc -Wall -Os -fpack-struct -fshort-enums -ffunction-sections -fdata-sections -std=gnu99 -funsigned-char -funsigned-bitfields -mmcu=atmega328p -DF_CPU=16000000UL -MMD -MP -MF"main.d" -MT"main.o" -c -o "main.o" "../main.c"
Finished building: ../main.c
 
Building target: Zadatak1.elf
Invoking: AVR C Linker
avr-gcc -Wl,-Map,Zadatak1.map -mmcu=atmega328p -o "Zadatak1.elf"  ./main.o   
Finished building target: Zadatak1.elf
 
Create Flash image (ihex format)
avr-objcopy -R .eeprom -R .fuse -R .lock -R .signature -O ihex Zadatak1.elf  "Zadatak1.hex"
Finished building: Zadatak1.hex
 
Invoking: Print Size
avr-size --format=avr --mcu=atmega328p Zadatak1.elf
AVR Memory Usage
----------------
Device: atmega328p

Program:     172 bytes (0.5% Full)
(.text + .data + .bootloader)

Data:          0 bytes (0.0% Full)
(.data + .bss + .noinit)


Finished building: sizedummy
 
Invoking: AVRDude
C:\WinAVR-20100110\bin\avrdude -pm328p -carduino -PCOM3 -Uflash:w:Zadatak1.hex:a
avrdude: ser_open(): can't open device "\\.\COM3": The system cannot find the file specified.


make: *** [avrdudedummy] Error 1
"make all" terminated with exit code 2. Build might be incomplete.
